<?xml version="1.0" encoding="UTF-8"?>
<testng-results skipped="0" failed="0" total="1" passed="1">
  <reporter-output>
  </reporter-output>
  <suite name="Suite" duration-ms="100" started-at="2021-02-23T08:15:13Z" finished-at="2021-02-23T08:15:13Z">
    <groups>
      <group name="smoke">
        <method signature="TestCase22.testcase2()[pri:0, instance:testcase1.TestCase22@29774679]" name="testcase2" class="testcase1.TestCase22"/>
      </group> <!-- smoke -->
    </groups>
    <test name="Test" duration-ms="100" started-at="2021-02-23T08:15:13Z" finished-at="2021-02-23T08:15:13Z">
      <class name="testcase1.TestCase22">
        <test-method status="PASS" signature="testcase2()[pri:0, instance:testcase1.TestCase22@29774679]" name="testcase2" duration-ms="31" started-at="2021-02-23T13:45:13Z" finished-at="2021-02-23T13:45:13Z">
          <reporter-output>
          </reporter-output>
        </test-method> <!-- testcase2 -->
      </class> <!-- testcase1.TestCase22 -->
    </test> <!-- Test -->
  </suite> <!-- Suite -->
</testng-results>
